<?xml version="1.0" encoding="UTF-8"?>
<!-- Generated by org.testng.reporters.JUnitReportReporter -->
<testsuite hostname="Advocate" failures="0" tests="1" name="testCases.TC001_AccountRegistrationTest" time="3.031" errors="0" timestamp="2025-03-20T13:00:26 IST" skipped="0">
  <testcase classname="testCases.TC001_AccountRegistrationTest" name="verify_account_registration" time="3.031"/>
</testsuite> <!-- testCases.TC001_AccountRegistrationTest -->
