<?xml version="1.0" encoding="UTF-8"?>
<!-- Generated by org.testng.reporters.JUnitReportReporter -->
<testsuite hostname="Advocate" failures="0" tests="1" name="Utlities.LoginDataProvider" time="2.067" errors="0" timestamp="2025-03-20T16:37:53 IST" skipped="0">
  <testcase classname="Utlities.LoginDataProvider" name="loginDp" time="2.067"/>
</testsuite> <!-- Utlities.LoginDataProvider -->
