<?xml version="1.0" encoding="UTF-8"?>
<!-- Generated by org.testng.reporters.JUnitReportReporter -->
<testsuite hostname="Advocate" failures="0" tests="1" name="testCases.TC001_AccountRegistrationTest" time="4.001" errors="0" timestamp="2025-03-21T12:13:34 IST" skipped="0">
  <testcase classname="testCases.TC001_AccountRegistrationTest" name="verify_account_registration" time="4.001"/>
</testsuite> <!-- testCases.TC001_AccountRegistrationTest -->
