<?xml version="1.0" encoding="UTF-8"?>
<!-- Generated by org.testng.reporters.JUnitReportReporter -->
<testsuite hostname="Advocate" failures="0" tests="1" name="testCases.TC002_LoginTest" time="33.037" errors="0" timestamp="2025-03-21T12:42:13 IST" skipped="0">
  <testcase classname="testCases.TC002_LoginTest" name="login" time="33.037"/>
</testsuite> <!-- testCases.TC002_LoginTest -->
