<?xml version="1.0" encoding="UTF-8"?>
<!-- Generated by org.testng.reporters.JUnitReportReporter -->
<testsuite hostname="Advocate" failures="0" tests="1" name="testCases.TC002_LoginTest" time="2.404" errors="0" timestamp="2025-03-21T00:22:04 IST" skipped="0">
  <testcase classname="testCases.TC002_LoginTest" name="login" time="2.404"/>
</testsuite> <!-- testCases.TC002_LoginTest -->
